<?xml version="1.0" encoding="UTF-8"?>
<!-- Generated by org.testng.reporters.JUnitReportReporter -->
<testsuite hostname="DESKTOP-6K5DTEM" failures="0" tests="1" name="com.cura.tests.LoginTest" time="0.890" errors="0" timestamp="2025-09-21T09:38:45 CDT" skipped="0">
  <testcase classname="com.cura.tests.LoginTest" name="testValidLogin" time="0.890"/>
</testsuite> <!-- com.cura.tests.LoginTest -->
