<?xml version="1.0" encoding="UTF-8"?>
<!-- Generated by org.testng.reporters.JUnitReportReporter -->
<testsuite hostname="DESKTOP-6K5DTEM" failures="0" tests="1" name="com.cura.tests.AddtoCartProductTest" time="1.074" errors="0" timestamp="2025-10-22T19:12:44 CDT" skipped="0">
  <testcase classname="com.cura.tests.AddtoCartProductTest" name="testMultipleProductAddtoCart" time="1.074"/>
</testsuite> <!-- com.cura.tests.AddtoCartProductTest -->
