<?xml version="1.0" encoding="UTF-8"?>
<!-- Generated by org.testng.reporters.JUnitReportReporter -->
<testsuite hostname="DESKTOP-6K5DTEM" failures="0" tests="1" name="com.cura.tests.LoginTest" time="0.615" errors="0" timestamp="2025-10-06T13:53:41 CDT" skipped="0">
  <testcase classname="com.cura.tests.LoginTest" name="testValidLogin" time="0.615"/>
</testsuite> <!-- com.cura.tests.LoginTest -->
