<?xml version="1.0" encoding="UTF-8"?>
<!-- Generated by org.testng.reporters.JUnitReportReporter -->
<testsuite hostname="DESKTOP-6K5DTEM" failures="0" tests="1" name="com.cura.tests.OpenCartLoginTest" time="0.517" errors="0" timestamp="2025-10-22T19:19:02 CDT" skipped="0">
  <testcase classname="com.cura.tests.OpenCartLoginTest" name="testValidateLogin" time="0.517"/>
</testsuite> <!-- com.cura.tests.OpenCartLoginTest -->
