<?xml version="1.0" encoding="UTF-8"?>
<!-- Generated by org.testng.reporters.JUnitReportReporter -->
<testsuite hostname="DESKTOP-6K5DTEM" failures="0" tests="1" name="com.cura.tests.CheckoutTest" time="4.047" errors="0" timestamp="2025-10-07T21:53:54 CDT" skipped="0">
  <testcase classname="com.cura.tests.CheckoutTest" name="testMultipleItemCompleteCheckoutFlow" time="4.047"/>
</testsuite> <!-- com.cura.tests.CheckoutTest -->
