<?xml version="1.0" encoding="UTF-8"?>
<!-- Generated by org.testng.reporters.JUnitReportReporter -->
<testsuite hostname="DESKTOP-6K5DTEM" failures="0" tests="2" name="com.cura.api.ReqreAPITest" time="2.101" errors="0" timestamp="2025-09-29T21:38:01 CDT" skipped="0">
  <testcase classname="com.cura.api.ReqreAPITest" name="testGetUser" time="0.108"/>
  <testcase classname="com.cura.api.ReqreAPITest" name="testCreateUser" time="1.993"/>
</testsuite> <!-- com.cura.api.ReqreAPITest -->
