<?xml version="1.0" encoding="UTF-8"?>
<!-- Generated by org.testng.reporters.JUnitReportReporter -->
<testsuite hostname="DESKTOP-6K5DTEM" failures="0" tests="1" name="com.cura.tests.CartTest" time="0.730" errors="0" timestamp="2025-10-22T16:09:03 CDT" skipped="0">
  <testcase classname="com.cura.tests.CartTest" name="goToCartTest" time="0.730"/>
</testsuite> <!-- com.cura.tests.CartTest -->
