<?xml version="1.0" encoding="UTF-8"?>
<!-- Generated by org.testng.reporters.JUnitReportReporter -->
<testsuite hostname="DESKTOP-6K5DTEM" failures="0" tests="2" name="com.cura.tests.CheckoutDDTest" time="4.646" errors="0" timestamp="2025-10-08T11:51:08 CDT" skipped="0">
  <testcase classname="com.cura.tests.CheckoutDDTest" name="testCheckoutFlow" time="2.498"/>
  <testcase classname="com.cura.tests.CheckoutDDTest" name="testCheckoutFlow" time="2.148"/>
</testsuite> <!-- com.cura.tests.CheckoutDDTest -->
