<?xml version="1.0" encoding="UTF-8"?>
<!-- Generated by org.testng.reporters.JUnitReportReporter -->
<testsuite hostname="DESKTOP-6K5DTEM" failures="0" tests="1" name="com.cura.tests.AddtoCartProductTest" time="0.781" errors="0" timestamp="2025-10-07T14:15:18 CDT" skipped="0">
  <testcase classname="com.cura.tests.AddtoCartProductTest" name="testMultipleProductAddtoCart" time="0.781"/>
</testsuite> <!-- com.cura.tests.AddtoCartProductTest -->
