<?xml version="1.0" encoding="UTF-8"?>
<!-- Generated by org.testng.reporters.JUnitReportReporter -->
<testsuite hostname="DESKTOP-6K5DTEM" failures="0" tests="1" name="com.cura.tests.CartTest" time="0.581" errors="0" timestamp="2025-10-06T16:36:26 CDT" skipped="0">
  <testcase classname="com.cura.tests.CartTest" name="goToCartTest" time="0.581"/>
</testsuite> <!-- com.cura.tests.CartTest -->
